# JRE version: OpenJDK Runtime Environment (15.0.2+7) (build 15.0.2+7-27)
# Java VM: OpenJDK 64-Bit Server VM (15.0.2+7-27, mixed mode, tiered, compressed oops, g1 gc, windows-amd64)
GC Precious Log:
 CPUs: 8 total, 8 available
 Memory: 16315M
 Large Page Support: Disabled
 NUMA Support: Disabled
 Compressed Oops: Enabled (Zero based)
 Heap Region Size: 2M
 Heap Min Capacity: 8M
 Heap Initial Capacity: 256M
 Heap Max Capacity: 4080M
 Pre-touch: Disabled
 Parallel Workers: 8
 Concurrent Workers: 2
 Concurrent Refinement Workers: 8
 Periodic GC: Disabled
Heap:
 garbage-first heap   total 96256K, used 43622K [0x0000000701000000, 0x0000000800000000)
  region size 2048K, 11 young (22528K), 2 survivors (4096K)
 Metaspace       used 69371K, capacity 69951K, committed 70224K, reserved 1110016K
  class space    used 9001K, capacity 9175K, committed 9216K, reserved 1048576K
GC Heap History (20 events):
Event: 2.195 GC heap before
{Heap before GC invocations=7 (full 0):
 garbage-first heap   total 49152K, used 31400K [0x0000000701000000, 0x0000000800000000)
  region size 2048K, 11 young (22528K), 1 survivors (2048K)
 Metaspace       used 28972K, capacity 29272K, committed 29360K, reserved 1075200K
  class space    used 3403K, capacity 3519K, committed 3584K, reserved 1048576K
}
Event: 2.196 GC heap after
{Heap after GC invocations=8 (full 0):
 garbage-first heap   total 49152K, used 12791K [0x0000000701000000, 0x0000000800000000)
  region size 2048K, 1 young (2048K), 1 survivors (2048K)
 Metaspace       used 28972K, capacity 29272K, committed 29360K, reserved 1075200K
  class space    used 3403K, capacity 3519K, committed 3584K, reserved 1048576K
}
Event: 2.200 GC heap before
{Heap before GC invocations=8 (full 0):
 garbage-first heap   total 49152K, used 33271K [0x0000000701000000, 0x0000000800000000)
  region size 2048K, 12 young (24576K), 1 survivors (2048K)
 Metaspace       used 29038K, capacity 29336K, committed 29616K, reserved 1075200K
  class space    used 3405K, capacity 3519K, committed 3584K, reserved 1048576K
}
Event: 2.201 GC heap after
{Heap after GC invocations=9 (full 0):
 garbage-first heap   total 49152K, used 12816K [0x0000000701000000, 0x0000000800000000)
  region size 2048K, 1 young (2048K), 1 survivors (2048K)
 Metaspace       used 29038K, capacity 29336K, committed 29616K, reserved 1075200K
  class space    used 3405K, capacity 3519K, committed 3584K, reserved 1048576K
}
Event: 2.299 GC heap before
{Heap before GC invocations=9 (full 0):
 garbage-first heap   total 49152K, used 33296K [0x0000000701000000, 0x0000000800000000)
  region size 2048K, 12 young (24576K), 1 survivors (2048K)
 Metaspace       used 31242K, capacity 31576K, committed 31792K, reserved 1077248K
  class space    used 3608K, capacity 3711K, committed 3712K, reserved 1048576K
}
Event: 2.301 GC heap after
{Heap after GC invocations=10 (full 0):
 garbage-first heap   total 49152K, used 13519K [0x0000000701000000, 0x0000000800000000)
  region size 2048K, 2 young (4096K), 2 survivors (4096K)
 Metaspace       used 31242K, capacity 31576K, committed 31792K, reserved 1077248K
  class space    used 3608K, capacity 3711K, committed 3712K, reserved 1048576K
}
Event: 2.574 GC heap before
{Heap before GC invocations=10 (full 0):
 garbage-first heap   total 49152K, used 33999K [0x0000000701000000, 0x0000000800000000)
  region size 2048K, 12 young (24576K), 2 survivors (4096K)
 Metaspace       used 33674K, capacity 33999K, committed 34224K, reserved 1079296K
  class space    used 3928K, capacity 4045K, committed 4096K, reserved 1048576K
}
Event: 2.577 GC heap after
{Heap after GC invocations=11 (full 0):
 garbage-first heap   total 49152K, used 14423K [0x0000000701000000, 0x0000000800000000)
  region size 2048K, 1 young (2048K), 1 survivors (2048K)
 Metaspace       used 33674K, capacity 33999K, committed 34224K, reserved 1079296K
  class space    used 3928K, capacity 4045K, committed 4096K, reserved 1048576K
}
Event: 2.967 GC heap before
{Heap before GC invocations=11 (full 0):
 garbage-first heap   total 49152K, used 32855K [0x0000000701000000, 0x0000000800000000)
  region size 2048K, 11 young (22528K), 1 survivors (2048K)
 Metaspace       used 35420K, capacity 35751K, committed 35920K, reserved 1081344K
  class space    used 4147K, capacity 4258K, committed 4352K, reserved 1048576K
}
Event: 2.970 GC heap after
{Heap after GC invocations=12 (full 0):
 garbage-first heap   total 49152K, used 15525K [0x0000000701000000, 0x0000000800000000)
  region size 2048K, 2 young (4096K), 2 survivors (4096K)
 Metaspace       used 35420K, capacity 35751K, committed 35920K, reserved 1081344K
  class space    used 4147K, capacity 4258K, committed 4352K, reserved 1048576K
}
Event: 3.520 GC heap before
{Heap before GC invocations=13 (full 0):
 garbage-first heap   total 49152K, used 36005K [0x0000000701000000, 0x0000000800000000)
  region size 2048K, 12 young (24576K), 2 survivors (4096K)
 Metaspace       used 38219K, capacity 38535K, committed 38864K, reserved 1083392K
  class space    used 4548K, capacity 4648K, committed 4736K, reserved 1048576K
}
Event: 3.524 GC heap after
{Heap after GC invocations=14 (full 0):
 garbage-first heap   total 49152K, used 16578K [0x0000000701000000, 0x0000000800000000)
  region size 2048K, 2 young (4096K), 2 survivors (4096K)
 Metaspace       used 38219K, capacity 38535K, committed 38864K, reserved 1083392K
  class space    used 4548K, capacity 4648K, committed 4736K, reserved 1048576K
}
Event: 3.952 GC heap before
{Heap before GC invocations=14 (full 0):
 garbage-first heap   total 49152K, used 37058K [0x0000000701000000, 0x0000000800000000)
  region size 2048K, 12 young (24576K), 2 survivors (4096K)
 Metaspace       used 40066K, capacity 40504K, committed 40784K, reserved 1085440K
  class space    used 4822K, capacity 4997K, committed 5120K, reserved 1048576K
}
Event: 3.958 GC heap after
{Heap after GC invocations=15 (full 0):
 garbage-first heap   total 49152K, used 18434K [0x0000000701000000, 0x0000000800000000)
  region size 2048K, 2 young (4096K), 2 survivors (4096K)
 Metaspace       used 40066K, capacity 40504K, committed 40784K, reserved 1085440K
  class space    used 4822K, capacity 4997K, committed 5120K, reserved 1048576K
}
Event: 4.327 GC heap before
{Heap before GC invocations=15 (full 0):
 garbage-first heap   total 49152K, used 36866K [0x0000000701000000, 0x0000000800000000)
  region size 2048K, 11 young (22528K), 2 survivors (4096K)
 Metaspace       used 43217K, capacity 43696K, committed 43984K, reserved 1087488K
  class space    used 5256K, capacity 5419K, committed 5504K, reserved 1048576K
}
Event: 4.332 GC heap after
{Heap after GC invocations=16 (full 0):
 garbage-first heap   total 155648K, used 19766K [0x0000000701000000, 0x0000000800000000)
  region size 2048K, 2 young (4096K), 2 survivors (4096K)
 Metaspace       used 43217K, capacity 43696K, committed 43984K, reserved 1087488K
  class space    used 5256K, capacity 5419K, committed 5504K, reserved 1048576K
}
Event: 6.202 GC heap before
{Heap before GC invocations=16 (full 0):
 garbage-first heap   total 155648K, used 93494K [0x0000000701000000, 0x0000000800000000)
  region size 2048K, 40 young (81920K), 2 survivors (4096K)
 Metaspace       used 59638K, capacity 60116K, committed 60240K, reserved 1101824K
  class space    used 7529K, capacity 7661K, committed 7680K, reserved 1048576K
}
Event: 6.212 GC heap after
{Heap after GC invocations=17 (full 0):
 garbage-first heap   total 155648K, used 24177K [0x0000000701000000, 0x0000000800000000)
  region size 2048K, 4 young (8192K), 4 survivors (8192K)
 Metaspace       used 59638K, capacity 60116K, committed 60240K, reserved 1101824K
  class space    used 7529K, capacity 7661K, committed 7680K, reserved 1048576K
}
Event: 7.448 GC heap before
{Heap before GC invocations=18 (full 0):
 garbage-first heap   total 96256K, used 73329K [0x0000000701000000, 0x0000000800000000)
  region size 2048K, 28 young (57344K), 4 survivors (8192K)
 Metaspace       used 68203K, capacity 68803K, committed 69072K, reserved 1110016K
  class space    used 8801K, capacity 8966K, committed 9088K, reserved 1048576K
}
Event: 7.456 GC heap after
{Heap after GC invocations=19 (full 0):
 garbage-first heap   total 96256K, used 27238K [0x0000000701000000, 0x0000000800000000)
  region size 2048K, 2 young (4096K), 2 survivors (4096K)
 Metaspace       used 68203K, capacity 68803K, committed 69072K, reserved 1110016K
  class space    used 8801K, capacity 8966K, committed 9088K, reserved 1048576K
}

